[0607/141226.218:ERROR:file_io.cc(89)] ReadExactly: expected 36, observed 0
[0615/231902.530:ERROR:settings.cc(320)] Settings magic is not 1129342067
[0624/210606.023:ERROR:settings.cc(320)] Settings magic is not 1129342067
[0625/122647.682:ERROR:process_reader_win.cc(151)] SuspendThread: Access is denied. (0x5)
[0625/122646.874:ERROR:process_reader_win.cc(151)] SuspendThread: Access is denied. (0x5)
[0625/122646.874:ERROR:process_reader_win.cc(151)] SuspendThread: Access is denied. (0x5)
[0625/122647.305:ERROR:process_reader_win.cc(151)] SuspendThread: Access is denied. (0x5)
[0625/122647.993:ERROR:process_reader_win.cc(151)] SuspendThread: Access is denied. (0x5)
[0625/122647.993:ERROR:process_reader_win.cc(151)] SuspendThread: Access is denied. (0x5)
[0625/122647.993:ERROR:process_reader_win.cc(151)] SuspendThread: Access is denied. (0x5)
[0625/122647.993:ERROR:process_reader_win.cc(151)] SuspendThread: Access is denied. (0x5)
[0625/122646.874:ERROR:process_reader_win.cc(151)] SuspendThread: Access is denied. (0x5)
[0625/122646.948:ERROR:process_reader_win.cc(151)] SuspendThread: Access is denied. (0x5)
[0625/122647.993:ERROR:process_reader_win.cc(151)] SuspendThread: Access is denied. (0x5)
[0625/122647.993:ERROR:process_reader_win.cc(151)] SuspendThread: Access is denied. (0x5)
[0625/122647.993:ERROR:process_reader_win.cc(151)] SuspendThread: Access is denied. (0x5)
[0625/122647.993:ERROR:process_reader_win.cc(151)] SuspendThread: Access is denied. (0x5)
[0625/122647.993:ERROR:process_reader_win.cc(151)] SuspendThread: Access is denied. (0x5)
[0625/122647.993:ERROR:process_reader_win.cc(151)] SuspendThread: Access is denied. (0x5)
[0625/122647.993:ERROR:process_reader_win.cc(151)] SuspendThread: Access is denied. (0x5)
[0625/122647.993:ERROR:process_reader_win.cc(151)] SuspendThread: Access is denied. (0x5)
[0625/122647.993:ERROR:process_reader_win.cc(151)] SuspendThread: Access is denied. (0x5)
[0625/122647.993:ERROR:process_reader_win.cc(151)] SuspendThread: Access is denied. (0x5)
[0625/122647.993:ERROR:process_reader_win.cc(151)] SuspendThread: Access is denied. (0x5)
[0625/122647.993:ERROR:process_reader_win.cc(151)] SuspendThread: Access is denied. (0x5)
[0625/122647.993:ERROR:process_reader_win.cc(151)] SuspendThread: Access is denied. (0x5)
[0625/122647.993:ERROR:process_reader_win.cc(151)] SuspendThread: Access is denied. (0x5)
[0625/122647.993:ERROR:process_reader_win.cc(151)] SuspendThread: Access is denied. (0x5)
[0625/122647.993:ERROR:process_reader_win.cc(151)] SuspendThread: Access is denied. (0x5)
[0625/122647.993:ERROR:process_reader_win.cc(151)] SuspendThread: Access is denied. (0x5)
[0625/122647.993:ERROR:process_reader_win.cc(151)] SuspendThread: Access is denied. (0x5)
[0625/122647.993:ERROR:process_reader_win.cc(151)] SuspendThread: Access is denied. (0x5)
[0625/122647.993:ERROR:process_reader_win.cc(151)] SuspendThread: Access is denied. (0x5)
[0625/122647.993:ERROR:process_reader_win.cc(151)] SuspendThread: Access is denied. (0x5)
[0625/122647.993:ERROR:process_reader_win.cc(151)] SuspendThread: Access is denied. (0x5)
[0625/122647.993:ERROR:process_reader_win.cc(151)] SuspendThread: Access is denied. (0x5)
[0625/122647.993:ERROR:process_reader_win.cc(151)] SuspendThread: Access is denied. (0x5)
[0625/122647.993:ERROR:process_reader_win.cc(151)] SuspendThread: Access is denied. (0x5)
[0625/122647.993:ERROR:process_reader_win.cc(151)] SuspendThread: Access is denied. (0x5)
[0625/122647.993:ERROR:process_reader_win.cc(151)] SuspendThread: Access is denied. (0x5)
[0625/122647.993:ERROR:process_reader_win.cc(151)] SuspendThread: Access is denied. (0x5)
[0625/122647.993:ERROR:process_reader_win.cc(151)] SuspendThread: Access is denied. (0x5)
[0625/122647.993:ERROR:process_reader_win.cc(151)] SuspendThread: Access is denied. (0x5)
[0625/122647.993:ERROR:process_reader_win.cc(151)] SuspendThread: Access is denied. (0x5)
[0625/122647.993:ERROR:process_reader_win.cc(151)] SuspendThread: Access is denied. (0x5)
[0625/122647.994:ERROR:process_reader_win.cc(151)] SuspendThread: Access is denied. (0x5)
[0625/122647.994:ERROR:process_reader_win.cc(151)] SuspendThread: Access is denied. (0x5)
[0625/122647.994:ERROR:process_reader_win.cc(151)] SuspendThread: Access is denied. (0x5)
[0625/122647.994:ERROR:process_reader_win.cc(151)] SuspendThread: Access is denied. (0x5)
[0625/122647.994:ERROR:process_reader_win.cc(151)] SuspendThread: Access is denied. (0x5)
[0625/122647.994:ERROR:process_reader_win.cc(151)] SuspendThread: Access is denied. (0x5)
[0625/122647.994:ERROR:process_reader_win.cc(151)] SuspendThread: Access is denied. (0x5)
[0625/122647.994:ERROR:process_reader_win.cc(151)] SuspendThread: Access is denied. (0x5)
[0625/122647.994:ERROR:process_reader_win.cc(151)] SuspendThread: Access is denied. (0x5)
[0625/122647.994:ERROR:process_reader_win.cc(151)] SuspendThread: Access is denied. (0x5)
[0625/122647.994:ERROR:process_reader_win.cc(151)] SuspendThread: Access is denied. (0x5)
[0625/122647.994:ERROR:process_reader_win.cc(151)] SuspendThread: Access is denied. (0x5)
[0625/122647.994:ERROR:process_reader_win.cc(123)] NtOpenThread: {Access Denied} A process has requested access to an object, but has not been granted those access rights. (0xc0000022)
[0625/122647.994:ERROR:process_reader_win.cc(123)] NtOpenThread: {Access Denied} A process has requested access to an object, but has not been granted those access rights. (0xc0000022)
[0625/122648.724:ERROR:exception_snapshot_win.cc(98)] thread ID 7500 not found in process
[0625/122647.994:ERROR:process_reader_win.cc(123)] NtOpenThread: {Access Denied} A process has requested access to an object, but has not been granted those access rights. (0xc0000022)
[0625/122647.994:ERROR:process_reader_win.cc(123)] NtOpenThread: {Access Denied} A process has requested access to an object, but has not been granted those access rights. (0xc0000022)
[0625/122647.994:ERROR:process_reader_win.cc(123)] NtOpenThread: {Access Denied} A process has requested access to an object, but has not been granted those access rights. (0xc0000022)
[0625/122647.994:ERROR:process_reader_win.cc(123)] NtOpenThread: {Access Denied} A process has requested access to an object, but has not been granted those access rights. (0xc0000022)
[0625/122648.724:ERROR:exception_snapshot_win.cc(98)] thread ID 7488 not found in process
[0625/122648.724:ERROR:exception_snapshot_win.cc(98)] thread ID 7504 not found in process
[0625/122648.724:ERROR:exception_snapshot_win.cc(98)] thread ID 7496 not found in process
[0625/122648.724:ERROR:exception_snapshot_win.cc(98)] thread ID 7492 not found in process
[0625/122648.724:ERROR:exception_snapshot_win.cc(98)] thread ID 7484 not found in process
[0625/122649.202:ERROR:process_reader_win.cc(151)] SuspendThread: Access is denied. (0x5)
[0625/122649.202:ERROR:process_reader_win.cc(151)] SuspendThread: Access is denied. (0x5)
[0625/122649.202:ERROR:process_reader_win.cc(151)] SuspendThread: Access is denied. (0x5)
[0625/122649.202:ERROR:process_reader_win.cc(151)] SuspendThread: Access is denied. (0x5)
[0625/122649.202:ERROR:process_reader_win.cc(151)] SuspendThread: Access is denied. (0x5)
[0625/122649.202:ERROR:process_reader_win.cc(151)] SuspendThread: Access is denied. (0x5)
[0625/122649.202:ERROR:process_reader_win.cc(151)] SuspendThread: Access is denied. (0x5)
[0625/122649.202:ERROR:process_reader_win.cc(151)] SuspendThread: Access is denied. (0x5)
[0625/122649.202:ERROR:process_reader_win.cc(151)] SuspendThread: Access is denied. (0x5)
[0625/122649.202:ERROR:exception_snapshot_win.cc(98)] thread ID 7476 not found in process
